2025-04-19 17:48:00 | INFO | repo=richrates | action=test | passed=true
2025-09-15 15:10:00 | WARN | repo=richrates | action=commit
2025-02-18 13:25:00 | DEBUG | repo=richrates | action=commit
2025-02-02 08:12:00 | DEBUG | repo=richrates | action=commit
2025-07-14 07:36:00 | WARN | repo=richrates | action=commit
2025-03-05 15:14:00 | WARN | repo=richrates | action=commit
2025-12-28 07:20:00 | INFO | repo=richrates | action=commit
2025-09-02 07:54:00 | WARN | repo=richrates | action=commit
2025-11-10 20:59:00 | INFO | repo=richrates | action=commit
2025-07-13 08:27:00 | WARN | repo=richrates | action=commit
2025-08-09 15:45:00 | INFO | repo=richrates | action=commit
2025-10-08 18:07:00 | INFO | repo=richrates | action=edit | files=4
2025-06-18 20:50:00 | WARN | repo=richrates | action=pull
2025-11-20 18:58:00 | DEBUG | repo=richrates | action=commit
2025-09-03 11:31:00 | DEBUG | repo=richrates | action=edit | files=1
2025-02-11 16:55:00 | WARN | repo=richrates | action=test | passed=true
2025-07-23 08:13:00 | INFO | repo=richrates | action=commit
2025-03-01 13:04:00 | DEBUG | repo=richrates | action=commit
2025-10-12 20:45:00 | INFO | repo=richrates | action=commit
2025-03-23 12:30:00 | WARN | repo=richrates | action=commit
2025-12-21 11:59:00 | DEBUG | repo=richrates | action=commit
2025-08-15 18:54:00 | INFO | repo=richrates | action=commit
2025-08-08 08:01:00 | DEBUG | repo=richrates | action=commit
2025-09-07 17:48:00 | WARN | repo=richrates | action=commit
2025-09-09 15:15:00 | WARN | repo=richrates | action=pull
2025-07-07 10:45:00 | WARN | repo=richrates | action=test | passed=true
2025-12-14 18:41:00 | DEBUG | repo=richrates | action=commit
2025-07-10 16:35:00 | DEBUG | repo=richrates | action=commit
2025-11-07 09:14:00 | DEBUG | repo=richrates | action=test | passed=true
2025-02-05 09:38:00 | INFO | repo=richrates | action=commit
2025-10-27 21:45:00 | DEBUG | repo=richrates | action=pull
2025-01-06 07:57:00 | INFO | repo=richrates | action=commit
2025-05-08 20:41:00 | INFO | repo=richrates | action=commit
2025-10-01 07:16:00 | INFO | repo=richrates | action=commit
2025-01-11 19:48:00 | INFO | repo=richrates | action=commit
2025-06-22 08:04:00 | WARN | repo=richrates | action=test | passed=true
2025-11-01 10:39:00 | DEBUG | repo=richrates | action=commit
2025-11-21 07:07:00 | DEBUG | repo=richrates | action=commit
2025-01-26 16:08:00 | WARN | repo=richrates | action=commit
2025-02-28 20:16:00 | DEBUG | repo=richrates | action=commit
2025-02-19 19:26:00 | DEBUG | repo=richrates | action=commit
2025-02-20 09:29:00 | WARN | repo=richrates | action=commit
2025-07-16 18:02:00 | DEBUG | repo=richrates | action=commit
2025-09-12 20:23:00 | WARN | repo=richrates | action=commit
2025-07-18 19:33:00 | WARN | repo=richrates | action=commit
2025-03-01 10:38:00 | DEBUG | repo=richrates | action=commit
2025-11-19 07:17:00 | DEBUG | repo=richrates | action=commit
2025-07-11 20:39:00 | WARN | repo=richrates | action=commit
2025-10-13 20:50:00 | INFO | repo=richrates | action=pull
2025-11-06 21:19:00 | INFO | repo=richrates | action=commit
2025-09-20 19:11:00 | DEBUG | repo=richrates | action=commit
2025-12-11 10:29:00 | DEBUG | repo=richrates | action=commit
2025-10-02 18:09:00 | WARN | repo=richrates | action=commit
2025-10-28 15:14:00 | DEBUG | repo=richrates | action=test | passed=true
2025-09-05 07:53:00 | WARN | repo=richrates | action=test | passed=true
2025-09-06 08:50:00 | WARN | repo=richrates | action=commit
2025-09-09 08:03:00 | WARN | repo=richrates | action=commit
2025-07-14 07:02:00 | INFO | repo=richrates | action=commit
2025-04-21 13:36:00 | INFO | repo=richrates | action=commit
2025-03-07 07:43:00 | DEBUG | repo=richrates | action=commit
2025-11-14 16:53:00 | INFO | repo=richrates | action=commit
2025-06-06 20:14:00 | WARN | repo=richrates | action=pull
2025-04-17 19:14:00 | INFO | repo=richrates | action=test | passed=true
2025-04-02 21:11:00 | DEBUG | repo=richrates | action=commit
2025-12-23 19:53:00 | DEBUG | repo=richrates | action=commit
2025-07-15 18:53:00 | INFO | repo=richrates | action=commit
2025-12-27 13:57:00 | WARN | repo=richrates | action=edit | files=5
2025-12-20 21:43:00 | INFO | repo=richrates | action=edit | files=2
2025-03-06 17:59:00 | INFO | repo=richrates | action=commit
2025-06-10 17:27:00 | WARN | repo=richrates | action=commit
2025-08-01 09:28:00 | INFO | repo=richrates | action=commit
2025-03-02 12:00:00 | WARN | repo=richrates | action=pull
2025-08-11 14:10:00 | DEBUG | repo=richrates | action=pull
2025-10-28 17:53:00 | INFO | repo=richrates | action=commit
2025-07-10 21:09:00 | WARN | repo=richrates | action=pull
2025-12-12 07:27:00 | DEBUG | repo=richrates | action=commit
2025-11-25 21:54:00 | INFO | repo=richrates | action=commit
2025-08-08 10:29:00 | DEBUG | repo=richrates | action=commit
2025-11-04 08:06:00 | DEBUG | repo=richrates | action=commit
2025-08-23 15:14:00 | WARN | repo=richrates | action=edit | files=5
2025-04-20 20:52:00 | INFO | repo=richrates | action=test | passed=true
2025-09-03 12:46:00 | DEBUG | repo=richrates | action=commit
2025-01-22 08:02:00 | WARN | repo=richrates | action=commit
2025-01-22 16:53:00 | DEBUG | repo=richrates | action=commit
2025-02-16 11:13:00 | DEBUG | repo=richrates | action=commit
2025-05-21 07:30:00 | INFO | repo=richrates | action=commit
2025-04-16 13:14:00 | INFO | repo=richrates | action=commit
2025-05-14 19:11:00 | WARN | repo=richrates | action=commit
2025-09-04 12:21:00 | WARN | repo=richrates | action=commit
2025-12-28 17:36:00 | INFO | repo=richrates | action=commit
2025-04-06 10:29:00 | WARN | repo=richrates | action=commit
2025-04-12 19:03:00 | DEBUG | repo=richrates | action=commit
2025-05-15 11:17:00 | INFO | repo=richrates | action=edit | files=2
2025-05-23 08:23:00 | WARN | repo=richrates | action=commit
2025-08-06 21:39:00 | DEBUG | repo=richrates | action=commit
2025-12-25 07:35:00 | WARN | repo=richrates | action=edit | files=3
2025-09-12 08:46:00 | WARN | repo=richrates | action=commit
2025-11-02 14:36:00 | INFO | repo=richrates | action=commit
2025-11-04 12:25:00 | INFO | repo=richrates | action=commit
2025-09-15 17:07:00 | DEBUG | repo=richrates | action=commit
2025-02-20 09:18:00 | WARN | repo=richrates | action=pull
2025-02-07 08:46:00 | INFO | repo=richrates | action=edit | files=5
2025-06-24 18:46:00 | DEBUG | repo=richrates | action=commit
2025-03-01 13:46:00 | WARN | repo=richrates | action=pull
2025-11-11 20:32:00 | WARN | repo=richrates | action=commit
2025-09-16 16:42:00 | WARN | repo=richrates | action=commit
2025-11-23 21:02:00 | INFO | repo=richrates | action=commit
2025-07-24 08:02:00 | DEBUG | repo=richrates | action=commit
2025-06-13 11:40:00 | INFO | repo=richrates | action=commit
2025-05-08 12:55:00 | WARN | repo=richrates | action=commit
2025-03-11 18:47:00 | DEBUG | repo=richrates | action=commit
2025-03-01 21:06:00 | DEBUG | repo=richrates | action=commit
2025-10-10 09:25:00 | WARN | repo=richrates | action=commit
2025-10-06 19:50:00 | WARN | repo=richrates | action=commit
2025-06-06 08:36:00 | DEBUG | repo=richrates | action=commit
2025-07-11 20:15:00 | INFO | repo=richrates | action=pull
2025-03-07 20:27:00 | INFO | repo=richrates | action=commit
2025-10-27 07:47:00 | DEBUG | repo=richrates | action=commit
2025-09-03 10:31:00 | DEBUG | repo=richrates | action=commit
2025-02-21 18:45:00 | INFO | repo=richrates | action=pull
2025-09-10 19:45:00 | DEBUG | repo=richrates | action=commit
2025-05-16 17:54:00 | WARN | repo=richrates | action=commit
2025-08-21 19:00:00 | DEBUG | repo=richrates | action=commit
2025-09-12 09:29:00 | INFO | repo=richrates | action=commit
2025-10-14 21:27:00 | INFO | repo=richrates | action=test | passed=true
2025-04-01 18:01:00 | INFO | repo=richrates | action=commit
2025-11-22 10:14:00 | WARN | repo=richrates | action=commit
2025-02-09 14:25:00 | INFO | repo=richrates | action=edit | files=4
2025-05-15 08:10:00 | WARN | repo=richrates | action=commit
2025-06-08 20:19:00 | INFO | repo=richrates | action=commit
2025-07-25 14:46:00 | DEBUG | repo=richrates | action=pull
2025-11-20 10:23:00 | INFO | repo=richrates | action=commit
2025-05-05 09:10:00 | WARN | repo=richrates | action=commit
2025-11-17 10:40:00 | WARN | repo=richrates | action=commit
2025-04-06 08:31:00 | DEBUG | repo=richrates | action=commit
2025-09-09 12:09:00 | DEBUG | repo=richrates | action=commit
2025-10-18 19:09:00 | INFO | repo=richrates | action=test | passed=true
2025-10-16 11:23:00 | WARN | repo=richrates | action=commit
2025-03-20 15:04:00 | INFO | repo=richrates | action=commit
2025-12-23 18:21:00 | DEBUG | repo=richrates | action=pull
2025-03-23 08:59:00 | WARN | repo=richrates | action=commit
2025-07-09 07:00:00 | INFO | repo=richrates | action=commit
